The system is: Darwin - 24.0.0 - x86_64
Compiling the C compiler identification source file "CMakeCCompilerId.c" succeeded.
Compiler: /Library/Developer/CommandLineTools/usr/bin/cc 
Build flags: 
Id flags: -c 

The output was:
0


Compilation of the C compiler identification source "CMakeCCompilerId.c" produced "CMakeCCompilerId.o"

The C compiler identification is AppleClang, found in "/Users/yex/CPP/OI/cmake-build-debug/CMakeFiles/3.17.3/CompilerIdC/CMakeCCompilerId.o"

Compiling the CXX compiler identification source file "CMakeCXXCompilerId.cpp" succeeded.
Compiler: /usr/local/bin/g++-14 
Build flags: 
Id flags:  

The output was:
0


Compilation of the CXX compiler identification source "CMakeCXXCompilerId.cpp" produced "a.out"

The CXX compiler identification is GNU, found in "/Users/yex/CPP/OI/cmake-build-debug/CMakeFiles/3.17.3/CompilerIdCXX/a.out"

Determining if the C compiler works passed with the following output:
Change Dir: /Users/yex/CPP/OI/cmake-build-debug/CMakeFiles/CMakeTmp

Run Build Command(s):/usr/bin/make cmTC_8ab94/fast && /Library/Developer/CommandLineTools/usr/bin/make  -f CMakeFiles/cmTC_8ab94.dir/build.make CMakeFiles/cmTC_8ab94.dir/build
Building C object CMakeFiles/cmTC_8ab94.dir/testCCompiler.c.o
/Library/Developer/CommandLineTools/usr/bin/cc   -isysroot /Library/Developer/CommandLineTools/SDKs/MacOSX15.0.sdk   -o CMakeFiles/cmTC_8ab94.dir/testCCompiler.c.o   -c /Users/yex/CPP/OI/cmake-build-debug/CMakeFiles/CMakeTmp/testCCompiler.c
Linking C executable cmTC_8ab94
/Applications/CLion.app/Contents/bin/cmake/mac/bin/cmake -E cmake_link_script CMakeFiles/cmTC_8ab94.dir/link.txt --verbose=1
/Library/Developer/CommandLineTools/usr/bin/cc   -isysroot /Library/Developer/CommandLineTools/SDKs/MacOSX15.0.sdk -Wl,-search_paths_first -Wl,-headerpad_max_install_names   CMakeFiles/cmTC_8ab94.dir/testCCompiler.c.o  -o cmTC_8ab94 



Detecting C compiler ABI info compiled with the following output:
Change Dir: /Users/yex/CPP/OI/cmake-build-debug/CMakeFiles/CMakeTmp

Run Build Command(s):/usr/bin/make cmTC_43357/fast && /Library/Developer/CommandLineTools/usr/bin/make  -f CMakeFiles/cmTC_43357.dir/build.make CMakeFiles/cmTC_43357.dir/build
Building C object CMakeFiles/cmTC_43357.dir/CMakeCCompilerABI.c.o
/Library/Developer/CommandLineTools/usr/bin/cc   -isysroot /Library/Developer/CommandLineTools/SDKs/MacOSX15.0.sdk   -v -Wl,-v -o CMakeFiles/cmTC_43357.dir/CMakeCCompilerABI.c.o   -c /Applications/CLion.app/Contents/bin/cmake/mac/share/cmake-3.17/Modules/CMakeCCompilerABI.c
Apple clang version 15.0.0 (clang-1500.3.9.4)
Target: x86_64-apple-darwin24.0.0
Thread model: posix
InstalledDir: /Library/Developer/CommandLineTools/usr/bin
clang: warning: -Wl,-v: 'linker' input unused [-Wunused-command-line-argument]
 "/Library/Developer/CommandLineTools/usr/bin/clang" -cc1 -triple x86_64-apple-macosx15.0.0 -Wundef-prefix=TARGET_OS_ -Wdeprecated-objc-isa-usage -Werror=deprecated-objc-isa-usage -Werror=implicit-function-declaration -emit-obj -mrelax-all --mrelax-relocations -disable-free -clear-ast-before-backend -disable-llvm-verifier -discard-value-names -main-file-name CMakeCCompilerABI.c -mrelocation-model pic -pic-level 2 -mframe-pointer=all -fno-strict-return -ffp-contract=on -fno-rounding-math -funwind-tables=2 -target-sdk-version=15.0 -fvisibility-inlines-hidden-static-local-var -target-cpu penryn -tune-cpu generic -debugger-tuning=lldb -target-linker-version 1053.12 -v -fcoverage-compilation-dir=/Users/yex/CPP/OI/cmake-build-debug/CMakeFiles/CMakeTmp -resource-dir /Library/Developer/CommandLineTools/usr/lib/clang/15.0.0 -isysroot /Library/Developer/CommandLineTools/SDKs/MacOSX15.0.sdk -internal-isystem /Library/Developer/CommandLineTools/SDKs/MacOSX15.0.sdk/usr/local/include -internal-isystem /Library/Developer/CommandLineTools/usr/lib/clang/15.0.0/include -internal-externc-isystem /Library/Developer/CommandLineTools/SDKs/MacOSX15.0.sdk/usr/include -internal-externc-isystem /Library/Developer/CommandLineTools/usr/include -Wno-reorder-init-list -Wno-implicit-int-float-conversion -Wno-c99-designator -Wno-final-dtor-non-final-class -Wno-extra-semi-stmt -Wno-misleading-indentation -Wno-quoted-include-in-framework-header -Wno-implicit-fallthrough -Wno-enum-enum-conversion -Wno-enum-float-conversion -Wno-elaborated-enum-base -Wno-reserved-identifier -Wno-gnu-folding-constant -fdebug-compilation-dir=/Users/yex/CPP/OI/cmake-build-debug/CMakeFiles/CMakeTmp -ferror-limit 19 -stack-protector 1 -fstack-check -mdarwin-stkchk-strong-link -fblocks -fencode-extended-block-signature -fregister-global-dtors-with-atexit -fgnuc-version=4.2.1 -fmax-type-align=16 -fcommon -clang-vendor-feature=+disableNonDependentMemberExprInCurrentInstantiation -fno-odr-hash-protocols -clang-vendor-feature=+enableAggressiveVLAFolding -clang-vendor-feature=+revert09abecef7bbf -clang-vendor-feature=+thisNoAlignAttr -clang-vendor-feature=+thisNoNullAttr -mllvm -disable-aligned-alloc-awareness=1 -D__GCC_HAVE_DWARF2_CFI_ASM=1 -o CMakeFiles/cmTC_43357.dir/CMakeCCompilerABI.c.o -x c /Applications/CLion.app/Contents/bin/cmake/mac/share/cmake-3.17/Modules/CMakeCCompilerABI.c
clang -cc1 version 15.0.0 (clang-1500.3.9.4) default target x86_64-apple-darwin24.0.0
ignoring nonexistent directory "/Library/Developer/CommandLineTools/SDKs/MacOSX15.0.sdk/usr/local/include"
ignoring nonexistent directory "/Library/Developer/CommandLineTools/SDKs/MacOSX15.0.sdk/Library/Frameworks"
#include "..." search starts here:
#include <...> search starts here:
 /Library/Developer/CommandLineTools/usr/lib/clang/15.0.0/include
 /Library/Developer/CommandLineTools/SDKs/MacOSX15.0.sdk/usr/include
 /Library/Developer/CommandLineTools/usr/include
 /Library/Developer/CommandLineTools/SDKs/MacOSX15.0.sdk/System/Library/Frameworks (framework directory)
End of search list.
Linking C executable cmTC_43357
/Applications/CLion.app/Contents/bin/cmake/mac/bin/cmake -E cmake_link_script CMakeFiles/cmTC_43357.dir/link.txt --verbose=1
/Library/Developer/CommandLineTools/usr/bin/cc   -isysroot /Library/Developer/CommandLineTools/SDKs/MacOSX15.0.sdk -Wl,-search_paths_first -Wl,-headerpad_max_install_names  -v -Wl,-v CMakeFiles/cmTC_43357.dir/CMakeCCompilerABI.c.o  -o cmTC_43357 
Apple clang version 15.0.0 (clang-1500.3.9.4)
Target: x86_64-apple-darwin24.0.0
Thread model: posix
InstalledDir: /Library/Developer/CommandLineTools/usr/bin
 "/Library/Developer/CommandLineTools/usr/bin/ld" -demangle -lto_library /Library/Developer/CommandLineTools/usr/lib/libLTO.dylib -dynamic -arch x86_64 -platform_version macos 15.0.0 15.0 -syslibroot /Library/Developer/CommandLineTools/SDKs/MacOSX15.0.sdk -o cmTC_43357 -search_paths_first -headerpad_max_install_names -v CMakeFiles/cmTC_43357.dir/CMakeCCompilerABI.c.o -lSystem /Library/Developer/CommandLineTools/usr/lib/clang/15.0.0/lib/darwin/libclang_rt.osx.a
@(#)PROGRAM:ld PROJECT:ld-1053.12
BUILD 15:44:24 Feb  3 2024
configured to support archs: armv6 armv7 armv7s arm64 arm64e arm64_32 i386 x86_64 x86_64h armv6m armv7k armv7m armv7em
will use ld-classic for: armv6 armv7 armv7s arm64_32 i386 armv6m armv7k armv7m armv7em
LTO support using: LLVM version 15.0.0 (static support for 29, runtime is 29)
TAPI support using: Apple TAPI version 15.0.0 (tapi-1500.3.2.2)
Library search paths:
	/Library/Developer/CommandLineTools/SDKs/MacOSX15.0.sdk/usr/lib
	/Library/Developer/CommandLineTools/SDKs/MacOSX15.0.sdk/usr/lib/swift
Framework search paths:
	/Library/Developer/CommandLineTools/SDKs/MacOSX15.0.sdk/System/Library/Frameworks



Parsed C implicit include dir info from above output: rv=done
  found start of include info
  found start of implicit include info
    add: [/Library/Developer/CommandLineTools/usr/lib/clang/15.0.0/include]
    add: [/Library/Developer/CommandLineTools/SDKs/MacOSX15.0.sdk/usr/include]
    add: [/Library/Developer/CommandLineTools/usr/include]
  end of search list found
  collapse include dir [/Library/Developer/CommandLineTools/usr/lib/clang/15.0.0/include] ==> [/Library/Developer/CommandLineTools/usr/lib/clang/15.0.0/include]
  collapse include dir [/Library/Developer/CommandLineTools/SDKs/MacOSX15.0.sdk/usr/include] ==> [/Library/Developer/CommandLineTools/SDKs/MacOSX15.0.sdk/usr/include]
  collapse include dir [/Library/Developer/CommandLineTools/usr/include] ==> [/Library/Developer/CommandLineTools/usr/include]
  implicit include dirs: [/Library/Developer/CommandLineTools/usr/lib/clang/15.0.0/include;/Library/Developer/CommandLineTools/SDKs/MacOSX15.0.sdk/usr/include;/Library/Developer/CommandLineTools/usr/include]


Parsed C implicit link information from above output:
  link line regex: [^( *|.*[/\])(ld|CMAKE_LINK_STARTFILE-NOTFOUND|([^/\]+-)?ld|collect2)[^/\]*( |$)]
  ignore line: [Change Dir: /Users/yex/CPP/OI/cmake-build-debug/CMakeFiles/CMakeTmp]
  ignore line: []
  ignore line: [Run Build Command(s):/usr/bin/make cmTC_43357/fast && /Library/Developer/CommandLineTools/usr/bin/make  -f CMakeFiles/cmTC_43357.dir/build.make CMakeFiles/cmTC_43357.dir/build]
  ignore line: [Building C object CMakeFiles/cmTC_43357.dir/CMakeCCompilerABI.c.o]
  ignore line: [/Library/Developer/CommandLineTools/usr/bin/cc   -isysroot /Library/Developer/CommandLineTools/SDKs/MacOSX15.0.sdk   -v -Wl -v -o CMakeFiles/cmTC_43357.dir/CMakeCCompilerABI.c.o   -c /Applications/CLion.app/Contents/bin/cmake/mac/share/cmake-3.17/Modules/CMakeCCompilerABI.c]
  ignore line: [Apple clang version 15.0.0 (clang-1500.3.9.4)]
  ignore line: [Target: x86_64-apple-darwin24.0.0]
  ignore line: [Thread model: posix]
  ignore line: [InstalledDir: /Library/Developer/CommandLineTools/usr/bin]
  ignore line: [clang: warning: -Wl -v: 'linker' input unused [-Wunused-command-line-argument]]
  ignore line: [ "/Library/Developer/CommandLineTools/usr/bin/clang" -cc1 -triple x86_64-apple-macosx15.0.0 -Wundef-prefix=TARGET_OS_ -Wdeprecated-objc-isa-usage -Werror=deprecated-objc-isa-usage -Werror=implicit-function-declaration -emit-obj -mrelax-all --mrelax-relocations -disable-free -clear-ast-before-backend -disable-llvm-verifier -discard-value-names -main-file-name CMakeCCompilerABI.c -mrelocation-model pic -pic-level 2 -mframe-pointer=all -fno-strict-return -ffp-contract=on -fno-rounding-math -funwind-tables=2 -target-sdk-version=15.0 -fvisibility-inlines-hidden-static-local-var -target-cpu penryn -tune-cpu generic -debugger-tuning=lldb -target-linker-version 1053.12 -v -fcoverage-compilation-dir=/Users/yex/CPP/OI/cmake-build-debug/CMakeFiles/CMakeTmp -resource-dir /Library/Developer/CommandLineTools/usr/lib/clang/15.0.0 -isysroot /Library/Developer/CommandLineTools/SDKs/MacOSX15.0.sdk -internal-isystem /Library/Developer/CommandLineTools/SDKs/MacOSX15.0.sdk/usr/local/include -internal-isystem /Library/Developer/CommandLineTools/usr/lib/clang/15.0.0/include -internal-externc-isystem /Library/Developer/CommandLineTools/SDKs/MacOSX15.0.sdk/usr/include -internal-externc-isystem /Library/Developer/CommandLineTools/usr/include -Wno-reorder-init-list -Wno-implicit-int-float-conversion -Wno-c99-designator -Wno-final-dtor-non-final-class -Wno-extra-semi-stmt -Wno-misleading-indentation -Wno-quoted-include-in-framework-header -Wno-implicit-fallthrough -Wno-enum-enum-conversion -Wno-enum-float-conversion -Wno-elaborated-enum-base -Wno-reserved-identifier -Wno-gnu-folding-constant -fdebug-compilation-dir=/Users/yex/CPP/OI/cmake-build-debug/CMakeFiles/CMakeTmp -ferror-limit 19 -stack-protector 1 -fstack-check -mdarwin-stkchk-strong-link -fblocks -fencode-extended-block-signature -fregister-global-dtors-with-atexit -fgnuc-version=4.2.1 -fmax-type-align=16 -fcommon -clang-vendor-feature=+disableNonDependentMemberExprInCurrentInstantiation -fno-odr-hash-protocols -clang-vendor-feature=+enableAggressiveVLAFolding -clang-vendor-feature=+revert09abecef7bbf -clang-vendor-feature=+thisNoAlignAttr -clang-vendor-feature=+thisNoNullAttr -mllvm -disable-aligned-alloc-awareness=1 -D__GCC_HAVE_DWARF2_CFI_ASM=1 -o CMakeFiles/cmTC_43357.dir/CMakeCCompilerABI.c.o -x c /Applications/CLion.app/Contents/bin/cmake/mac/share/cmake-3.17/Modules/CMakeCCompilerABI.c]
  ignore line: [clang -cc1 version 15.0.0 (clang-1500.3.9.4) default target x86_64-apple-darwin24.0.0]
  ignore line: [ignoring nonexistent directory "/Library/Developer/CommandLineTools/SDKs/MacOSX15.0.sdk/usr/local/include"]
  ignore line: [ignoring nonexistent directory "/Library/Developer/CommandLineTools/SDKs/MacOSX15.0.sdk/Library/Frameworks"]
  ignore line: [#include "..." search starts here:]
  ignore line: [#include <...> search starts here:]
  ignore line: [ /Library/Developer/CommandLineTools/usr/lib/clang/15.0.0/include]
  ignore line: [ /Library/Developer/CommandLineTools/SDKs/MacOSX15.0.sdk/usr/include]
  ignore line: [ /Library/Developer/CommandLineTools/usr/include]
  ignore line: [ /Library/Developer/CommandLineTools/SDKs/MacOSX15.0.sdk/System/Library/Frameworks (framework directory)]
  ignore line: [End of search list.]
  ignore line: [Linking C executable cmTC_43357]
  ignore line: [/Applications/CLion.app/Contents/bin/cmake/mac/bin/cmake -E cmake_link_script CMakeFiles/cmTC_43357.dir/link.txt --verbose=1]
  ignore line: [/Library/Developer/CommandLineTools/usr/bin/cc   -isysroot /Library/Developer/CommandLineTools/SDKs/MacOSX15.0.sdk -Wl -search_paths_first -Wl -headerpad_max_install_names  -v -Wl -v CMakeFiles/cmTC_43357.dir/CMakeCCompilerABI.c.o  -o cmTC_43357 ]
  ignore line: [Apple clang version 15.0.0 (clang-1500.3.9.4)]
  ignore line: [Target: x86_64-apple-darwin24.0.0]
  ignore line: [Thread model: posix]
  ignore line: [InstalledDir: /Library/Developer/CommandLineTools/usr/bin]
  link line: [ "/Library/Developer/CommandLineTools/usr/bin/ld" -demangle -lto_library /Library/Developer/CommandLineTools/usr/lib/libLTO.dylib -dynamic -arch x86_64 -platform_version macos 15.0.0 15.0 -syslibroot /Library/Developer/CommandLineTools/SDKs/MacOSX15.0.sdk -o cmTC_43357 -search_paths_first -headerpad_max_install_names -v CMakeFiles/cmTC_43357.dir/CMakeCCompilerABI.c.o -lSystem /Library/Developer/CommandLineTools/usr/lib/clang/15.0.0/lib/darwin/libclang_rt.osx.a]
    arg [/Library/Developer/CommandLineTools/usr/bin/ld] ==> ignore
    arg [-demangle] ==> ignore
    arg [-lto_library] ==> ignore, skip following value
    arg [/Library/Developer/CommandLineTools/usr/lib/libLTO.dylib] ==> skip value of -lto_library
    arg [-dynamic] ==> ignore
    arg [-arch] ==> ignore
    arg [x86_64] ==> ignore
    arg [-platform_version] ==> ignore
    arg [macos] ==> ignore
    arg [15.0.0] ==> ignore
    arg [15.0] ==> ignore
    arg [-syslibroot] ==> ignore
    arg [/Library/Developer/CommandLineTools/SDKs/MacOSX15.0.sdk] ==> ignore
    arg [-o] ==> ignore
    arg [cmTC_43357] ==> ignore
    arg [-search_paths_first] ==> ignore
    arg [-headerpad_max_install_names] ==> ignore
    arg [-v] ==> ignore
    arg [CMakeFiles/cmTC_43357.dir/CMakeCCompilerABI.c.o] ==> ignore
    arg [-lSystem] ==> lib [System]
    arg [/Library/Developer/CommandLineTools/usr/lib/clang/15.0.0/lib/darwin/libclang_rt.osx.a] ==> lib [/Library/Developer/CommandLineTools/usr/lib/clang/15.0.0/lib/darwin/libclang_rt.osx.a]
  Library search paths: [;/Library/Developer/CommandLineTools/SDKs/MacOSX15.0.sdk/usr/lib;/Library/Developer/CommandLineTools/SDKs/MacOSX15.0.sdk/usr/lib/swift]
  Framework search paths: [;/Library/Developer/CommandLineTools/SDKs/MacOSX15.0.sdk/System/Library/Frameworks]
  remove lib [System]
  remove lib [/Library/Developer/CommandLineTools/usr/lib/clang/15.0.0/lib/darwin/libclang_rt.osx.a]
  collapse library dir [/Library/Developer/CommandLineTools/SDKs/MacOSX15.0.sdk/usr/lib] ==> [/Library/Developer/CommandLineTools/SDKs/MacOSX15.0.sdk/usr/lib]
  collapse library dir [/Library/Developer/CommandLineTools/SDKs/MacOSX15.0.sdk/usr/lib/swift] ==> [/Library/Developer/CommandLineTools/SDKs/MacOSX15.0.sdk/usr/lib/swift]
  collapse framework dir [/Library/Developer/CommandLineTools/SDKs/MacOSX15.0.sdk/System/Library/Frameworks] ==> [/Library/Developer/CommandLineTools/SDKs/MacOSX15.0.sdk/System/Library/Frameworks]
  implicit libs: []
  implicit dirs: [/Library/Developer/CommandLineTools/SDKs/MacOSX15.0.sdk/usr/lib;/Library/Developer/CommandLineTools/SDKs/MacOSX15.0.sdk/usr/lib/swift]
  implicit fwks: [/Library/Developer/CommandLineTools/SDKs/MacOSX15.0.sdk/System/Library/Frameworks]


Determining if the CXX compiler works passed with the following output:
Change Dir: /Users/yex/CPP/OI/cmake-build-debug/CMakeFiles/CMakeTmp

Run Build Command(s):/usr/bin/make cmTC_613b5/fast && /Library/Developer/CommandLineTools/usr/bin/make  -f CMakeFiles/cmTC_613b5.dir/build.make CMakeFiles/cmTC_613b5.dir/build
Building CXX object CMakeFiles/cmTC_613b5.dir/testCXXCompiler.cxx.o
/usr/local/bin/g++-14    -isysroot /Library/Developer/CommandLineTools/SDKs/MacOSX15.0.sdk   -o CMakeFiles/cmTC_613b5.dir/testCXXCompiler.cxx.o -c /Users/yex/CPP/OI/cmake-build-debug/CMakeFiles/CMakeTmp/testCXXCompiler.cxx
Linking CXX executable cmTC_613b5
/Applications/CLion.app/Contents/bin/cmake/mac/bin/cmake -E cmake_link_script CMakeFiles/cmTC_613b5.dir/link.txt --verbose=1
/usr/local/bin/g++-14    -isysroot /Library/Developer/CommandLineTools/SDKs/MacOSX15.0.sdk -Wl,-search_paths_first -Wl,-headerpad_max_install_names   CMakeFiles/cmTC_613b5.dir/testCXXCompiler.cxx.o  -o cmTC_613b5 



Detecting CXX compiler ABI info compiled with the following output:
Change Dir: /Users/yex/CPP/OI/cmake-build-debug/CMakeFiles/CMakeTmp

Run Build Command(s):/usr/bin/make cmTC_f98d3/fast && /Library/Developer/CommandLineTools/usr/bin/make  -f CMakeFiles/cmTC_f98d3.dir/build.make CMakeFiles/cmTC_f98d3.dir/build
Building CXX object CMakeFiles/cmTC_f98d3.dir/CMakeCXXCompilerABI.cpp.o
/usr/local/bin/g++-14    -isysroot /Library/Developer/CommandLineTools/SDKs/MacOSX15.0.sdk   -v -Wl,-v -o CMakeFiles/cmTC_f98d3.dir/CMakeCXXCompilerABI.cpp.o -c /Applications/CLion.app/Contents/bin/cmake/mac/share/cmake-3.17/Modules/CMakeCXXCompilerABI.cpp
Using built-in specs.
COLLECT_GCC=/usr/local/bin/g++-14
Target: x86_64-apple-darwin23
Configured with: ../configure --prefix=/usr/local/opt/gcc --libdir=/usr/local/opt/gcc/lib/gcc/current --disable-nls --enable-checking=release --with-gcc-major-version-only --enable-languages=c,c++,objc,obj-c++,fortran,m2 --program-suffix=-14 --with-gmp=/usr/local/opt/gmp --with-mpfr=/usr/local/opt/mpfr --with-mpc=/usr/local/opt/libmpc --with-isl=/usr/local/opt/isl --with-zstd=/usr/local/opt/zstd --with-pkgversion='Homebrew GCC 14.2.0' --with-bugurl=https://github.com/Homebrew/homebrew-core/issues --with-system-zlib --build=x86_64-apple-darwin23 --with-sysroot=/Library/Developer/CommandLineTools/SDKs/MacOSX14.sdk
Thread model: posix
Supported LTO compression algorithms: zlib zstd
gcc version 14.2.0 (Homebrew GCC 14.2.0) 
COLLECT_GCC_OPTIONS='-isysroot' '/Library/Developer/CommandLineTools/SDKs/MacOSX15.0.sdk' '-v' '-o' 'CMakeFiles/cmTC_f98d3.dir/CMakeCXXCompilerABI.cpp.o' '-c' '-mmacosx-version-min=15.0.0' '-asm_macosx_version_min=15.0' '-nodefaultexport' '-shared-libgcc' '-mtune=core2' '-dumpdir' 'CMakeFiles/cmTC_f98d3.dir/'
 /usr/local/Cellar/gcc/14.2.0/bin/../libexec/gcc/x86_64-apple-darwin23/14/cc1plus -quiet -v -iprefix /usr/local/Cellar/gcc/14.2.0/bin/../lib/gcc/current/gcc/x86_64-apple-darwin23/14/ -D__DYNAMIC__ -isysroot /Library/Developer/CommandLineTools/SDKs/MacOSX15.0.sdk /Applications/CLion.app/Contents/bin/cmake/mac/share/cmake-3.17/Modules/CMakeCXXCompilerABI.cpp -fPIC -quiet -dumpdir CMakeFiles/cmTC_f98d3.dir/ -dumpbase CMakeCXXCompilerABI.cpp.cpp -dumpbase-ext .cpp -mmacosx-version-min=15.0.0 -mtune=core2 -version -o /var/folders/sy/5z48j35j0fxdwbpdyxh9279m0000gn/T//ccc7Y27L.s
GNU C++17 (Homebrew GCC 14.2.0) version 14.2.0 (x86_64-apple-darwin23)
	compiled by GNU C version 14.2.0, GMP version 6.3.0, MPFR version 4.2.1, MPC version 1.3.1, isl version isl-0.27-GMP

GGC heuristics: --param ggc-min-expand=100 --param ggc-min-heapsize=131072
ignoring nonexistent directory "/usr/local/Cellar/gcc/14.2.0/bin/../lib/gcc/current/gcc/x86_64-apple-darwin23/14/../../../../../../x86_64-apple-darwin23/include"
ignoring duplicate directory "/usr/local/Cellar/gcc/14.2.0/bin/../lib/gcc/current/gcc/../../../../lib/gcc/current/gcc/x86_64-apple-darwin23/14/../../../../../../include/c++/14"
ignoring duplicate directory "/usr/local/Cellar/gcc/14.2.0/bin/../lib/gcc/current/gcc/../../../../lib/gcc/current/gcc/x86_64-apple-darwin23/14/../../../../../../include/c++/14/x86_64-apple-darwin23"
ignoring duplicate directory "/usr/local/Cellar/gcc/14.2.0/bin/../lib/gcc/current/gcc/../../../../lib/gcc/current/gcc/x86_64-apple-darwin23/14/../../../../../../include/c++/14/backward"
ignoring duplicate directory "/usr/local/Cellar/gcc/14.2.0/bin/../lib/gcc/current/gcc/../../../../lib/gcc/current/gcc/x86_64-apple-darwin23/14/include"
ignoring nonexistent directory "/Library/Developer/CommandLineTools/SDKs/MacOSX15.0.sdk/usr/local/include"
ignoring duplicate directory "/usr/local/Cellar/gcc/14.2.0/bin/../lib/gcc/current/gcc/../../../../lib/gcc/current/gcc/x86_64-apple-darwin23/14/include-fixed"
ignoring nonexistent directory "/usr/local/Cellar/gcc/14.2.0/bin/../lib/gcc/current/gcc/../../../../lib/gcc/current/gcc/x86_64-apple-darwin23/14/../../../../../../x86_64-apple-darwin23/include"
ignoring nonexistent directory "/Library/Developer/CommandLineTools/SDKs/MacOSX15.0.sdk/Library/Frameworks"
#include "..." search starts here:
#include <...> search starts here:
 /usr/local/Cellar/gcc/14.2.0/bin/../lib/gcc/current/gcc/x86_64-apple-darwin23/14/../../../../../../include/c++/14
 /usr/local/Cellar/gcc/14.2.0/bin/../lib/gcc/current/gcc/x86_64-apple-darwin23/14/../../../../../../include/c++/14/x86_64-apple-darwin23
 /usr/local/Cellar/gcc/14.2.0/bin/../lib/gcc/current/gcc/x86_64-apple-darwin23/14/../../../../../../include/c++/14/backward
 /usr/local/Cellar/gcc/14.2.0/bin/../lib/gcc/current/gcc/x86_64-apple-darwin23/14/include
 /usr/local/Cellar/gcc/14.2.0/bin/../lib/gcc/current/gcc/x86_64-apple-darwin23/14/include-fixed
 /Library/Developer/CommandLineTools/SDKs/MacOSX15.0.sdk/usr/include
 /Library/Developer/CommandLineTools/SDKs/MacOSX15.0.sdk/System/Library/Frameworks
End of search list.
Compiler executable checksum: dbf3d98092dbaaedb92b8c0cc75818b7
COLLECT_GCC_OPTIONS='-isysroot' '/Library/Developer/CommandLineTools/SDKs/MacOSX15.0.sdk' '-v' '-o' 'CMakeFiles/cmTC_f98d3.dir/CMakeCXXCompilerABI.cpp.o' '-c' '-mmacosx-version-min=15.0.0'  '-nodefaultexport' '-shared-libgcc' '-mtune=core2' '-dumpdir' 'CMakeFiles/cmTC_f98d3.dir/'
 as -arch x86_64 -v -mmacosx-version-min=15.0 -mllvm -x86-pad-for-align=false -force_cpusubtype_ALL -o CMakeFiles/cmTC_f98d3.dir/CMakeCXXCompilerABI.cpp.o /var/folders/sy/5z48j35j0fxdwbpdyxh9279m0000gn/T//ccc7Y27L.s
Apple clang version 15.0.0 (clang-1500.3.9.4)
Target: x86_64-apple-darwin24.0.0
Thread model: posix
InstalledDir: /Library/Developer/CommandLineTools/usr/bin
 "/Library/Developer/CommandLineTools/usr/bin/clang" -cc1as -triple x86_64-apple-macosx15.0.0 -filetype obj -main-file-name ccc7Y27L.s -target-cpu penryn -fdebug-compilation-dir=/Users/yex/CPP/OI/cmake-build-debug/CMakeFiles/CMakeTmp -dwarf-debug-producer "Apple clang version 15.0.0 (clang-1500.3.9.4)" -dwarf-version=4 -mrelocation-model pic --mrelax-relocations -mllvm -x86-pad-for-align=false -mllvm -disable-aligned-alloc-awareness=1 -o CMakeFiles/cmTC_f98d3.dir/CMakeCXXCompilerABI.cpp.o /var/folders/sy/5z48j35j0fxdwbpdyxh9279m0000gn/T//ccc7Y27L.s
COMPILER_PATH=/usr/local/Cellar/gcc/14.2.0/bin/../libexec/gcc/x86_64-apple-darwin23/14/:/usr/local/Cellar/gcc/14.2.0/bin/../libexec/gcc/
LIBRARY_PATH=/usr/local/Cellar/gcc/14.2.0/bin/../lib/gcc/current/gcc/x86_64-apple-darwin23/14/:/usr/local/Cellar/gcc/14.2.0/bin/../lib/gcc/current/gcc/:/usr/local/Cellar/gcc/14.2.0/bin/../lib/gcc/current/gcc/x86_64-apple-darwin23/14/../../../
COLLECT_GCC_OPTIONS='-isysroot' '/Library/Developer/CommandLineTools/SDKs/MacOSX15.0.sdk' '-v' '-o' 'CMakeFiles/cmTC_f98d3.dir/CMakeCXXCompilerABI.cpp.o' '-c' '-mmacosx-version-min=15.0.0'  '-nodefaultexport' '-shared-libgcc' '-mtune=core2' '-dumpdir' 'CMakeFiles/cmTC_f98d3.dir/CMakeCXXCompilerABI.cpp.'
Linking CXX executable cmTC_f98d3
/Applications/CLion.app/Contents/bin/cmake/mac/bin/cmake -E cmake_link_script CMakeFiles/cmTC_f98d3.dir/link.txt --verbose=1
/usr/local/bin/g++-14    -isysroot /Library/Developer/CommandLineTools/SDKs/MacOSX15.0.sdk -Wl,-search_paths_first -Wl,-headerpad_max_install_names  -v -Wl,-v CMakeFiles/cmTC_f98d3.dir/CMakeCXXCompilerABI.cpp.o  -o cmTC_f98d3 
Using built-in specs.
COLLECT_GCC=/usr/local/bin/g++-14
COLLECT_LTO_WRAPPER=/usr/local/Cellar/gcc/14.2.0/bin/../libexec/gcc/x86_64-apple-darwin23/14/lto-wrapper
Target: x86_64-apple-darwin23
Configured with: ../configure --prefix=/usr/local/opt/gcc --libdir=/usr/local/opt/gcc/lib/gcc/current --disable-nls --enable-checking=release --with-gcc-major-version-only --enable-languages=c,c++,objc,obj-c++,fortran,m2 --program-suffix=-14 --with-gmp=/usr/local/opt/gmp --with-mpfr=/usr/local/opt/mpfr --with-mpc=/usr/local/opt/libmpc --with-isl=/usr/local/opt/isl --with-zstd=/usr/local/opt/zstd --with-pkgversion='Homebrew GCC 14.2.0' --with-bugurl=https://github.com/Homebrew/homebrew-core/issues --with-system-zlib --build=x86_64-apple-darwin23 --with-sysroot=/Library/Developer/CommandLineTools/SDKs/MacOSX14.sdk
Thread model: posix
Supported LTO compression algorithms: zlib zstd
gcc version 14.2.0 (Homebrew GCC 14.2.0) 
COMPILER_PATH=/usr/local/Cellar/gcc/14.2.0/bin/../libexec/gcc/x86_64-apple-darwin23/14/:/usr/local/Cellar/gcc/14.2.0/bin/../libexec/gcc/
LIBRARY_PATH=/usr/local/Cellar/gcc/14.2.0/bin/../lib/gcc/current/gcc/x86_64-apple-darwin23/14/:/usr/local/Cellar/gcc/14.2.0/bin/../lib/gcc/current/gcc/:/usr/local/Cellar/gcc/14.2.0/bin/../lib/gcc/current/gcc/x86_64-apple-darwin23/14/../../../
COLLECT_GCC_OPTIONS='-isysroot' '/Library/Developer/CommandLineTools/SDKs/MacOSX15.0.sdk' '-v' '-o' 'cmTC_f98d3' '-mmacosx-version-min=15.0.0' '-asm_macosx_version_min=15.0' '-nodefaultexport' '-shared-libgcc' '-mtune=core2' '-dumpdir' 'cmTC_f98d3.'
 /usr/local/Cellar/gcc/14.2.0/bin/../libexec/gcc/x86_64-apple-darwin23/14/collect2 -demangle -dynamic -arch x86_64 -syslibroot /Library/Developer/CommandLineTools/SDKs/MacOSX15.0.sdk -platform_version macos 15.0.0 0.0 -o cmTC_f98d3 -L/usr/local/Cellar/gcc/14.2.0/bin/../lib/gcc/current/gcc/x86_64-apple-darwin23/14 -L/usr/local/Cellar/gcc/14.2.0/bin/../lib/gcc/current/gcc -L/usr/local/Cellar/gcc/14.2.0/bin/../lib/gcc/current/gcc/x86_64-apple-darwin23/14/../../.. -lemutls_w -lheapt_w -search_paths_first -headerpad_max_install_names -v CMakeFiles/cmTC_f98d3.dir/CMakeCXXCompilerABI.cpp.o -lstdc++ -lgcc_s.1.1 -lgcc -lSystem -no_compact_unwind -rpath @loader_path -rpath /usr/local/Cellar/gcc/14.2.0/lib/gcc/current/gcc/x86_64-apple-darwin23/14 -rpath /usr/local/Cellar/gcc/14.2.0/lib/gcc/current/gcc -rpath /usr/local/Cellar/gcc/14.2.0/lib/gcc/current
collect2 version 14.2.0
/usr/bin/ld -demangle -dynamic -arch x86_64 -syslibroot /Library/Developer/CommandLineTools/SDKs/MacOSX15.0.sdk -platform_version macos 15.0.0 0.0 -o cmTC_f98d3 -L/usr/local/Cellar/gcc/14.2.0/bin/../lib/gcc/current/gcc/x86_64-apple-darwin23/14 -L/usr/local/Cellar/gcc/14.2.0/bin/../lib/gcc/current/gcc -L/usr/local/Cellar/gcc/14.2.0/bin/../lib/gcc/current/gcc/x86_64-apple-darwin23/14/../../.. -lemutls_w -lheapt_w -search_paths_first -headerpad_max_install_names -v CMakeFiles/cmTC_f98d3.dir/CMakeCXXCompilerABI.cpp.o -lstdc++ -lgcc_s.1.1 -lgcc -lSystem -no_compact_unwind -rpath @loader_path -rpath /usr/local/Cellar/gcc/14.2.0/lib/gcc/current/gcc/x86_64-apple-darwin23/14 -rpath /usr/local/Cellar/gcc/14.2.0/lib/gcc/current/gcc -rpath /usr/local/Cellar/gcc/14.2.0/lib/gcc/current
@(#)PROGRAM:ld PROJECT:ld-1053.12
BUILD 15:44:24 Feb  3 2024
configured to support archs: armv6 armv7 armv7s arm64 arm64e arm64_32 i386 x86_64 x86_64h armv6m armv7k armv7m armv7em
will use ld-classic for: armv6 armv7 armv7s arm64_32 i386 armv6m armv7k armv7m armv7em
LTO support using: LLVM version 15.0.0 (static support for 29, runtime is 29)
TAPI support using: Apple TAPI version 15.0.0 (tapi-1500.3.2.2)
Library search paths:
	/usr/local/Cellar/gcc/14.2.0/lib/gcc/current/gcc/x86_64-apple-darwin23/14
	/usr/local/Cellar/gcc/14.2.0/lib/gcc/current/gcc
	/usr/local/Cellar/gcc/14.2.0/lib/gcc/current
	/Library/Developer/CommandLineTools/SDKs/MacOSX15.0.sdk/usr/lib
	/Library/Developer/CommandLineTools/SDKs/MacOSX15.0.sdk/usr/lib/swift
Framework search paths:
	/Library/Developer/CommandLineTools/SDKs/MacOSX15.0.sdk/System/Library/Frameworks



Parsed CXX implicit include dir info from above output: rv=done
  found start of include info
  found start of implicit include info
    add: [/usr/local/Cellar/gcc/14.2.0/bin/../lib/gcc/current/gcc/x86_64-apple-darwin23/14/../../../../../../include/c++/14]
    add: [/usr/local/Cellar/gcc/14.2.0/bin/../lib/gcc/current/gcc/x86_64-apple-darwin23/14/../../../../../../include/c++/14/x86_64-apple-darwin23]
    add: [/usr/local/Cellar/gcc/14.2.0/bin/../lib/gcc/current/gcc/x86_64-apple-darwin23/14/../../../../../../include/c++/14/backward]
    add: [/usr/local/Cellar/gcc/14.2.0/bin/../lib/gcc/current/gcc/x86_64-apple-darwin23/14/include]
    add: [/usr/local/Cellar/gcc/14.2.0/bin/../lib/gcc/current/gcc/x86_64-apple-darwin23/14/include-fixed]
    add: [/Library/Developer/CommandLineTools/SDKs/MacOSX15.0.sdk/usr/include]
    add: [/Library/Developer/CommandLineTools/SDKs/MacOSX15.0.sdk/System/Library/Frameworks]
  end of search list found
  collapse include dir [/usr/local/Cellar/gcc/14.2.0/bin/../lib/gcc/current/gcc/x86_64-apple-darwin23/14/../../../../../../include/c++/14] ==> [/usr/local/Cellar/gcc/14.2.0/include/c++/14]
  collapse include dir [/usr/local/Cellar/gcc/14.2.0/bin/../lib/gcc/current/gcc/x86_64-apple-darwin23/14/../../../../../../include/c++/14/x86_64-apple-darwin23] ==> [/usr/local/Cellar/gcc/14.2.0/include/c++/14/x86_64-apple-darwin23]
  collapse include dir [/usr/local/Cellar/gcc/14.2.0/bin/../lib/gcc/current/gcc/x86_64-apple-darwin23/14/../../../../../../include/c++/14/backward] ==> [/usr/local/Cellar/gcc/14.2.0/include/c++/14/backward]
  collapse include dir [/usr/local/Cellar/gcc/14.2.0/bin/../lib/gcc/current/gcc/x86_64-apple-darwin23/14/include] ==> [/usr/local/Cellar/gcc/14.2.0/lib/gcc/current/gcc/x86_64-apple-darwin23/14/include]
  collapse include dir [/usr/local/Cellar/gcc/14.2.0/bin/../lib/gcc/current/gcc/x86_64-apple-darwin23/14/include-fixed] ==> [/usr/local/Cellar/gcc/14.2.0/lib/gcc/current/gcc/x86_64-apple-darwin23/14/include-fixed]
  collapse include dir [/Library/Developer/CommandLineTools/SDKs/MacOSX15.0.sdk/usr/include] ==> [/Library/Developer/CommandLineTools/SDKs/MacOSX15.0.sdk/usr/include]
  collapse include dir [/Library/Developer/CommandLineTools/SDKs/MacOSX15.0.sdk/System/Library/Frameworks] ==> [/Library/Developer/CommandLineTools/SDKs/MacOSX15.0.sdk/System/Library/Frameworks]
  implicit include dirs: [/usr/local/Cellar/gcc/14.2.0/include/c++/14;/usr/local/Cellar/gcc/14.2.0/include/c++/14/x86_64-apple-darwin23;/usr/local/Cellar/gcc/14.2.0/include/c++/14/backward;/usr/local/Cellar/gcc/14.2.0/lib/gcc/current/gcc/x86_64-apple-darwin23/14/include;/usr/local/Cellar/gcc/14.2.0/lib/gcc/current/gcc/x86_64-apple-darwin23/14/include-fixed;/Library/Developer/CommandLineTools/SDKs/MacOSX15.0.sdk/usr/include;/Library/Developer/CommandLineTools/SDKs/MacOSX15.0.sdk/System/Library/Frameworks]


Parsed CXX implicit link information from above output:
  link line regex: [^( *|.*[/\])(ld|CMAKE_LINK_STARTFILE-NOTFOUND|([^/\]+-)?ld|collect2)[^/\]*( |$)]
  ignore line: [Change Dir: /Users/yex/CPP/OI/cmake-build-debug/CMakeFiles/CMakeTmp]
  ignore line: []
  ignore line: [Run Build Command(s):/usr/bin/make cmTC_f98d3/fast && /Library/Developer/CommandLineTools/usr/bin/make  -f CMakeFiles/cmTC_f98d3.dir/build.make CMakeFiles/cmTC_f98d3.dir/build]
  ignore line: [Building CXX object CMakeFiles/cmTC_f98d3.dir/CMakeCXXCompilerABI.cpp.o]
  ignore line: [/usr/local/bin/g++-14    -isysroot /Library/Developer/CommandLineTools/SDKs/MacOSX15.0.sdk   -v -Wl -v -o CMakeFiles/cmTC_f98d3.dir/CMakeCXXCompilerABI.cpp.o -c /Applications/CLion.app/Contents/bin/cmake/mac/share/cmake-3.17/Modules/CMakeCXXCompilerABI.cpp]
  ignore line: [Using built-in specs.]
  ignore line: [COLLECT_GCC=/usr/local/bin/g++-14]
  ignore line: [Target: x86_64-apple-darwin23]
  ignore line: [Configured with: ../configure --prefix=/usr/local/opt/gcc --libdir=/usr/local/opt/gcc/lib/gcc/current --disable-nls --enable-checking=release --with-gcc-major-version-only --enable-languages=c c++ objc obj-c++ fortran m2 --program-suffix=-14 --with-gmp=/usr/local/opt/gmp --with-mpfr=/usr/local/opt/mpfr --with-mpc=/usr/local/opt/libmpc --with-isl=/usr/local/opt/isl --with-zstd=/usr/local/opt/zstd --with-pkgversion='Homebrew GCC 14.2.0' --with-bugurl=https://github.com/Homebrew/homebrew-core/issues --with-system-zlib --build=x86_64-apple-darwin23 --with-sysroot=/Library/Developer/CommandLineTools/SDKs/MacOSX14.sdk]
  ignore line: [Thread model: posix]
  ignore line: [Supported LTO compression algorithms: zlib zstd]
  ignore line: [gcc version 14.2.0 (Homebrew GCC 14.2.0) ]
  ignore line: [COLLECT_GCC_OPTIONS='-isysroot' '/Library/Developer/CommandLineTools/SDKs/MacOSX15.0.sdk' '-v' '-o' 'CMakeFiles/cmTC_f98d3.dir/CMakeCXXCompilerABI.cpp.o' '-c' '-mmacosx-version-min=15.0.0' '-asm_macosx_version_min=15.0' '-nodefaultexport' '-shared-libgcc' '-mtune=core2' '-dumpdir' 'CMakeFiles/cmTC_f98d3.dir/']
  ignore line: [ /usr/local/Cellar/gcc/14.2.0/bin/../libexec/gcc/x86_64-apple-darwin23/14/cc1plus -quiet -v -iprefix /usr/local/Cellar/gcc/14.2.0/bin/../lib/gcc/current/gcc/x86_64-apple-darwin23/14/ -D__DYNAMIC__ -isysroot /Library/Developer/CommandLineTools/SDKs/MacOSX15.0.sdk /Applications/CLion.app/Contents/bin/cmake/mac/share/cmake-3.17/Modules/CMakeCXXCompilerABI.cpp -fPIC -quiet -dumpdir CMakeFiles/cmTC_f98d3.dir/ -dumpbase CMakeCXXCompilerABI.cpp.cpp -dumpbase-ext .cpp -mmacosx-version-min=15.0.0 -mtune=core2 -version -o /var/folders/sy/5z48j35j0fxdwbpdyxh9279m0000gn/T//ccc7Y27L.s]
  ignore line: [GNU C++17 (Homebrew GCC 14.2.0) version 14.2.0 (x86_64-apple-darwin23)]
  ignore line: [	compiled by GNU C version 14.2.0  GMP version 6.3.0  MPFR version 4.2.1  MPC version 1.3.1  isl version isl-0.27-GMP]
  ignore line: []
  ignore line: [GGC heuristics: --param ggc-min-expand=100 --param ggc-min-heapsize=131072]
  ignore line: [ignoring nonexistent directory "/usr/local/Cellar/gcc/14.2.0/bin/../lib/gcc/current/gcc/x86_64-apple-darwin23/14/../../../../../../x86_64-apple-darwin23/include"]
  ignore line: [ignoring duplicate directory "/usr/local/Cellar/gcc/14.2.0/bin/../lib/gcc/current/gcc/../../../../lib/gcc/current/gcc/x86_64-apple-darwin23/14/../../../../../../include/c++/14"]
  ignore line: [ignoring duplicate directory "/usr/local/Cellar/gcc/14.2.0/bin/../lib/gcc/current/gcc/../../../../lib/gcc/current/gcc/x86_64-apple-darwin23/14/../../../../../../include/c++/14/x86_64-apple-darwin23"]
  ignore line: [ignoring duplicate directory "/usr/local/Cellar/gcc/14.2.0/bin/../lib/gcc/current/gcc/../../../../lib/gcc/current/gcc/x86_64-apple-darwin23/14/../../../../../../include/c++/14/backward"]
  ignore line: [ignoring duplicate directory "/usr/local/Cellar/gcc/14.2.0/bin/../lib/gcc/current/gcc/../../../../lib/gcc/current/gcc/x86_64-apple-darwin23/14/include"]
  ignore line: [ignoring nonexistent directory "/Library/Developer/CommandLineTools/SDKs/MacOSX15.0.sdk/usr/local/include"]
  ignore line: [ignoring duplicate directory "/usr/local/Cellar/gcc/14.2.0/bin/../lib/gcc/current/gcc/../../../../lib/gcc/current/gcc/x86_64-apple-darwin23/14/include-fixed"]
  ignore line: [ignoring nonexistent directory "/usr/local/Cellar/gcc/14.2.0/bin/../lib/gcc/current/gcc/../../../../lib/gcc/current/gcc/x86_64-apple-darwin23/14/../../../../../../x86_64-apple-darwin23/include"]
  ignore line: [ignoring nonexistent directory "/Library/Developer/CommandLineTools/SDKs/MacOSX15.0.sdk/Library/Frameworks"]
  ignore line: [#include "..." search starts here:]
  ignore line: [#include <...> search starts here:]
  ignore line: [ /usr/local/Cellar/gcc/14.2.0/bin/../lib/gcc/current/gcc/x86_64-apple-darwin23/14/../../../../../../include/c++/14]
  ignore line: [ /usr/local/Cellar/gcc/14.2.0/bin/../lib/gcc/current/gcc/x86_64-apple-darwin23/14/../../../../../../include/c++/14/x86_64-apple-darwin23]
  ignore line: [ /usr/local/Cellar/gcc/14.2.0/bin/../lib/gcc/current/gcc/x86_64-apple-darwin23/14/../../../../../../include/c++/14/backward]
  ignore line: [ /usr/local/Cellar/gcc/14.2.0/bin/../lib/gcc/current/gcc/x86_64-apple-darwin23/14/include]
  ignore line: [ /usr/local/Cellar/gcc/14.2.0/bin/../lib/gcc/current/gcc/x86_64-apple-darwin23/14/include-fixed]
  ignore line: [ /Library/Developer/CommandLineTools/SDKs/MacOSX15.0.sdk/usr/include]
  ignore line: [ /Library/Developer/CommandLineTools/SDKs/MacOSX15.0.sdk/System/Library/Frameworks]
  ignore line: [End of search list.]
  ignore line: [Compiler executable checksum: dbf3d98092dbaaedb92b8c0cc75818b7]
  ignore line: [COLLECT_GCC_OPTIONS='-isysroot' '/Library/Developer/CommandLineTools/SDKs/MacOSX15.0.sdk' '-v' '-o' 'CMakeFiles/cmTC_f98d3.dir/CMakeCXXCompilerABI.cpp.o' '-c' '-mmacosx-version-min=15.0.0'  '-nodefaultexport' '-shared-libgcc' '-mtune=core2' '-dumpdir' 'CMakeFiles/cmTC_f98d3.dir/']
  ignore line: [ as -arch x86_64 -v -mmacosx-version-min=15.0 -mllvm -x86-pad-for-align=false -force_cpusubtype_ALL -o CMakeFiles/cmTC_f98d3.dir/CMakeCXXCompilerABI.cpp.o /var/folders/sy/5z48j35j0fxdwbpdyxh9279m0000gn/T//ccc7Y27L.s]
  ignore line: [Apple clang version 15.0.0 (clang-1500.3.9.4)]
  ignore line: [Target: x86_64-apple-darwin24.0.0]
  ignore line: [Thread model: posix]
  ignore line: [InstalledDir: /Library/Developer/CommandLineTools/usr/bin]
  ignore line: [ "/Library/Developer/CommandLineTools/usr/bin/clang" -cc1as -triple x86_64-apple-macosx15.0.0 -filetype obj -main-file-name ccc7Y27L.s -target-cpu penryn -fdebug-compilation-dir=/Users/yex/CPP/OI/cmake-build-debug/CMakeFiles/CMakeTmp -dwarf-debug-producer "Apple clang version 15.0.0 (clang-1500.3.9.4)" -dwarf-version=4 -mrelocation-model pic --mrelax-relocations -mllvm -x86-pad-for-align=false -mllvm -disable-aligned-alloc-awareness=1 -o CMakeFiles/cmTC_f98d3.dir/CMakeCXXCompilerABI.cpp.o /var/folders/sy/5z48j35j0fxdwbpdyxh9279m0000gn/T//ccc7Y27L.s]
  ignore line: [COMPILER_PATH=/usr/local/Cellar/gcc/14.2.0/bin/../libexec/gcc/x86_64-apple-darwin23/14/:/usr/local/Cellar/gcc/14.2.0/bin/../libexec/gcc/]
  ignore line: [LIBRARY_PATH=/usr/local/Cellar/gcc/14.2.0/bin/../lib/gcc/current/gcc/x86_64-apple-darwin23/14/:/usr/local/Cellar/gcc/14.2.0/bin/../lib/gcc/current/gcc/:/usr/local/Cellar/gcc/14.2.0/bin/../lib/gcc/current/gcc/x86_64-apple-darwin23/14/../../../]
  ignore line: [COLLECT_GCC_OPTIONS='-isysroot' '/Library/Developer/CommandLineTools/SDKs/MacOSX15.0.sdk' '-v' '-o' 'CMakeFiles/cmTC_f98d3.dir/CMakeCXXCompilerABI.cpp.o' '-c' '-mmacosx-version-min=15.0.0'  '-nodefaultexport' '-shared-libgcc' '-mtune=core2' '-dumpdir' 'CMakeFiles/cmTC_f98d3.dir/CMakeCXXCompilerABI.cpp.']
  ignore line: [Linking CXX executable cmTC_f98d3]
  ignore line: [/Applications/CLion.app/Contents/bin/cmake/mac/bin/cmake -E cmake_link_script CMakeFiles/cmTC_f98d3.dir/link.txt --verbose=1]
  ignore line: [/usr/local/bin/g++-14    -isysroot /Library/Developer/CommandLineTools/SDKs/MacOSX15.0.sdk -Wl -search_paths_first -Wl -headerpad_max_install_names  -v -Wl -v CMakeFiles/cmTC_f98d3.dir/CMakeCXXCompilerABI.cpp.o  -o cmTC_f98d3 ]
  ignore line: [Using built-in specs.]
  ignore line: [COLLECT_GCC=/usr/local/bin/g++-14]
  ignore line: [COLLECT_LTO_WRAPPER=/usr/local/Cellar/gcc/14.2.0/bin/../libexec/gcc/x86_64-apple-darwin23/14/lto-wrapper]
  ignore line: [Target: x86_64-apple-darwin23]
  ignore line: [Configured with: ../configure --prefix=/usr/local/opt/gcc --libdir=/usr/local/opt/gcc/lib/gcc/current --disable-nls --enable-checking=release --with-gcc-major-version-only --enable-languages=c c++ objc obj-c++ fortran m2 --program-suffix=-14 --with-gmp=/usr/local/opt/gmp --with-mpfr=/usr/local/opt/mpfr --with-mpc=/usr/local/opt/libmpc --with-isl=/usr/local/opt/isl --with-zstd=/usr/local/opt/zstd --with-pkgversion='Homebrew GCC 14.2.0' --with-bugurl=https://github.com/Homebrew/homebrew-core/issues --with-system-zlib --build=x86_64-apple-darwin23 --with-sysroot=/Library/Developer/CommandLineTools/SDKs/MacOSX14.sdk]
  ignore line: [Thread model: posix]
  ignore line: [Supported LTO compression algorithms: zlib zstd]
  ignore line: [gcc version 14.2.0 (Homebrew GCC 14.2.0) ]
  ignore line: [COMPILER_PATH=/usr/local/Cellar/gcc/14.2.0/bin/../libexec/gcc/x86_64-apple-darwin23/14/:/usr/local/Cellar/gcc/14.2.0/bin/../libexec/gcc/]
  ignore line: [LIBRARY_PATH=/usr/local/Cellar/gcc/14.2.0/bin/../lib/gcc/current/gcc/x86_64-apple-darwin23/14/:/usr/local/Cellar/gcc/14.2.0/bin/../lib/gcc/current/gcc/:/usr/local/Cellar/gcc/14.2.0/bin/../lib/gcc/current/gcc/x86_64-apple-darwin23/14/../../../]
  ignore line: [COLLECT_GCC_OPTIONS='-isysroot' '/Library/Developer/CommandLineTools/SDKs/MacOSX15.0.sdk' '-v' '-o' 'cmTC_f98d3' '-mmacosx-version-min=15.0.0' '-asm_macosx_version_min=15.0' '-nodefaultexport' '-shared-libgcc' '-mtune=core2' '-dumpdir' 'cmTC_f98d3.']
  link line: [ /usr/local/Cellar/gcc/14.2.0/bin/../libexec/gcc/x86_64-apple-darwin23/14/collect2 -demangle -dynamic -arch x86_64 -syslibroot /Library/Developer/CommandLineTools/SDKs/MacOSX15.0.sdk -platform_version macos 15.0.0 0.0 -o cmTC_f98d3 -L/usr/local/Cellar/gcc/14.2.0/bin/../lib/gcc/current/gcc/x86_64-apple-darwin23/14 -L/usr/local/Cellar/gcc/14.2.0/bin/../lib/gcc/current/gcc -L/usr/local/Cellar/gcc/14.2.0/bin/../lib/gcc/current/gcc/x86_64-apple-darwin23/14/../../.. -lemutls_w -lheapt_w -search_paths_first -headerpad_max_install_names -v CMakeFiles/cmTC_f98d3.dir/CMakeCXXCompilerABI.cpp.o -lstdc++ -lgcc_s.1.1 -lgcc -lSystem -no_compact_unwind -rpath @loader_path -rpath /usr/local/Cellar/gcc/14.2.0/lib/gcc/current/gcc/x86_64-apple-darwin23/14 -rpath /usr/local/Cellar/gcc/14.2.0/lib/gcc/current/gcc -rpath /usr/local/Cellar/gcc/14.2.0/lib/gcc/current]
    arg [/usr/local/Cellar/gcc/14.2.0/bin/../libexec/gcc/x86_64-apple-darwin23/14/collect2] ==> ignore
    arg [-demangle] ==> ignore
    arg [-dynamic] ==> ignore
    arg [-arch] ==> ignore
    arg [x86_64] ==> ignore
    arg [-syslibroot] ==> ignore
    arg [/Library/Developer/CommandLineTools/SDKs/MacOSX15.0.sdk] ==> ignore
    arg [-platform_version] ==> ignore
    arg [macos] ==> ignore
    arg [15.0.0] ==> ignore
    arg [0.0] ==> ignore
    arg [-o] ==> ignore
    arg [cmTC_f98d3] ==> ignore
    arg [-L/usr/local/Cellar/gcc/14.2.0/bin/../lib/gcc/current/gcc/x86_64-apple-darwin23/14] ==> dir [/usr/local/Cellar/gcc/14.2.0/bin/../lib/gcc/current/gcc/x86_64-apple-darwin23/14]
    arg [-L/usr/local/Cellar/gcc/14.2.0/bin/../lib/gcc/current/gcc] ==> dir [/usr/local/Cellar/gcc/14.2.0/bin/../lib/gcc/current/gcc]
    arg [-L/usr/local/Cellar/gcc/14.2.0/bin/../lib/gcc/current/gcc/x86_64-apple-darwin23/14/../../..] ==> dir [/usr/local/Cellar/gcc/14.2.0/bin/../lib/gcc/current/gcc/x86_64-apple-darwin23/14/../../..]
    arg [-lemutls_w] ==> lib [emutls_w]
    arg [-lheapt_w] ==> lib [heapt_w]
    arg [-search_paths_first] ==> ignore
    arg [-headerpad_max_install_names] ==> ignore
    arg [-v] ==> ignore
    arg [CMakeFiles/cmTC_f98d3.dir/CMakeCXXCompilerABI.cpp.o] ==> ignore
    arg [-lstdc++] ==> lib [stdc++]
    arg [-lgcc_s.1.1] ==> lib [gcc_s.1.1]
    arg [-lgcc] ==> lib [gcc]
    arg [-lSystem] ==> lib [System]
    arg [-no_compact_unwind] ==> ignore
    arg [-rpath] ==> ignore
    arg [@loader_path] ==> ignore
    arg [-rpath] ==> ignore
    arg [/usr/local/Cellar/gcc/14.2.0/lib/gcc/current/gcc/x86_64-apple-darwin23/14] ==> ignore
    arg [-rpath] ==> ignore
    arg [/usr/local/Cellar/gcc/14.2.0/lib/gcc/current/gcc] ==> ignore
    arg [-rpath] ==> ignore
    arg [/usr/local/Cellar/gcc/14.2.0/lib/gcc/current] ==> ignore
  Library search paths: [;/usr/local/Cellar/gcc/14.2.0/lib/gcc/current/gcc/x86_64-apple-darwin23/14;/usr/local/Cellar/gcc/14.2.0/lib/gcc/current/gcc;/usr/local/Cellar/gcc/14.2.0/lib/gcc/current;/Library/Developer/CommandLineTools/SDKs/MacOSX15.0.sdk/usr/lib;/Library/Developer/CommandLineTools/SDKs/MacOSX15.0.sdk/usr/lib/swift]
  Framework search paths: [;/Library/Developer/CommandLineTools/SDKs/MacOSX15.0.sdk/System/Library/Frameworks]
  remove lib [System]
  collapse library dir [/usr/local/Cellar/gcc/14.2.0/bin/../lib/gcc/current/gcc/x86_64-apple-darwin23/14] ==> [/usr/local/Cellar/gcc/14.2.0/lib/gcc/current/gcc/x86_64-apple-darwin23/14]
  collapse library dir [/usr/local/Cellar/gcc/14.2.0/bin/../lib/gcc/current/gcc] ==> [/usr/local/Cellar/gcc/14.2.0/lib/gcc/current/gcc]
  collapse library dir [/usr/local/Cellar/gcc/14.2.0/bin/../lib/gcc/current/gcc/x86_64-apple-darwin23/14/../../..] ==> [/usr/local/Cellar/gcc/14.2.0/lib/gcc/current]
  collapse library dir [/usr/local/Cellar/gcc/14.2.0/lib/gcc/current/gcc/x86_64-apple-darwin23/14] ==> [/usr/local/Cellar/gcc/14.2.0/lib/gcc/current/gcc/x86_64-apple-darwin23/14]
  collapse library dir [/usr/local/Cellar/gcc/14.2.0/lib/gcc/current/gcc] ==> [/usr/local/Cellar/gcc/14.2.0/lib/gcc/current/gcc]
  collapse library dir [/usr/local/Cellar/gcc/14.2.0/lib/gcc/current] ==> [/usr/local/Cellar/gcc/14.2.0/lib/gcc/current]
  collapse library dir [/Library/Developer/CommandLineTools/SDKs/MacOSX15.0.sdk/usr/lib] ==> [/Library/Developer/CommandLineTools/SDKs/MacOSX15.0.sdk/usr/lib]
  collapse library dir [/Library/Developer/CommandLineTools/SDKs/MacOSX15.0.sdk/usr/lib/swift] ==> [/Library/Developer/CommandLineTools/SDKs/MacOSX15.0.sdk/usr/lib/swift]
  collapse framework dir [/Library/Developer/CommandLineTools/SDKs/MacOSX15.0.sdk/System/Library/Frameworks] ==> [/Library/Developer/CommandLineTools/SDKs/MacOSX15.0.sdk/System/Library/Frameworks]
  implicit libs: [emutls_w;heapt_w;stdc++;gcc_s.1.1;gcc]
  implicit dirs: [/usr/local/Cellar/gcc/14.2.0/lib/gcc/current/gcc/x86_64-apple-darwin23/14;/usr/local/Cellar/gcc/14.2.0/lib/gcc/current/gcc;/usr/local/Cellar/gcc/14.2.0/lib/gcc/current;/Library/Developer/CommandLineTools/SDKs/MacOSX15.0.sdk/usr/lib;/Library/Developer/CommandLineTools/SDKs/MacOSX15.0.sdk/usr/lib/swift]
  implicit fwks: [/Library/Developer/CommandLineTools/SDKs/MacOSX15.0.sdk/System/Library/Frameworks]


